<?xml version="1.0" encoding="UTF-8"?>
<robot generator="Robot 7.0.1 (Python 3.10.0 on darwin)" generated="2024-09-08T05:52:12.257897" rpa="false" schemaversion="5">
<suite id="s1" name="Auth Login Test" source="/Users/princeitam/Desktop/Aktia/tests/auth_login_test.robot">
<test id="s1-t1" name="Verify successful login with valid credentials" line="8">
<kw name="setup testdata" owner="custom_keywords">
<kw name="prepare payload" owner="StartConnection">
<msg time="2024-09-08T05:52:12.356969" level="INFO">${payload} = {'email': 'test@example.com', 'password': '12345'}</msg>
<var>${payload}</var>
<arg>path=test_data/${data}/${data}_data.json</arg>
<arg>key=${key}</arg>
<status status="PASS" start="2024-09-08T05:52:12.356775" elapsed="0.000211"/>
</kw>
<return>
<value>${payload}</value>
<status status="PASS" start="2024-09-08T05:52:12.357039" elapsed="0.000021"/>
</return>
<msg time="2024-09-08T05:52:12.357119" level="INFO">${payload} = {'email': 'test@example.com', 'password': '12345'}</msg>
<var>${payload}</var>
<arg>data=auth</arg>
<arg>key=valid_credentials</arg>
<status status="PASS" start="2024-09-08T05:52:12.356356" elapsed="0.000773"/>
</kw>
<kw name="Post Auth Request" owner="auth_logic_page">
<kw name="Establish Post Request" owner="StartConnection">
<msg time="2024-09-08T05:52:12.923512" level="INFO">${RESPONSE} = &lt;Response [200]&gt;</msg>
<arg>url=${BASE_URL}</arg>
<arg>payload=${payload}</arg>
<status status="PASS" start="2024-09-08T05:52:12.357369" elapsed="0.566533"/>
</kw>
<arg>payload=${payload}</arg>
<status status="PASS" start="2024-09-08T05:52:12.357211" elapsed="0.566979"/>
</kw>
<kw name="Check Valid login Schema" owner="custom_keywords">
<kw name="Set Test Variable" owner="BuiltIn">
<msg time="2024-09-08T05:52:12.926287" level="INFO">${status_code} = 200</msg>
<arg>${status_code}</arg>
<arg>${RESPONSE.status_code}</arg>
<doc>Makes a variable available everywhere within the scope of the current test.</doc>
<status status="PASS" start="2024-09-08T05:52:12.925256" elapsed="0.001080"/>
</kw>
<kw name="convert json to dictionary" owner="StartConnection">
<msg time="2024-09-08T05:52:12.926748" level="INFO">${content} = {'Success': True, 'Error': None, 'Data': {'AccessToken': '878fd6ab-9211-4c50-a1e1-28d74e670e09', 'ExpiresAt': '2024-09-08T03:22:22.5642989Z', 'Id': 59, 'Email': 'test@example.com', 'FullName': 'test u...</msg>
<var>${content}</var>
<status status="PASS" start="2024-09-08T05:52:12.926452" elapsed="0.000320"/>
</kw>
<kw name="convert json to dictionary" owner="StartConnection">
<msg time="2024-09-08T05:52:12.927316" level="INFO">${expected} = {'type': 'object', 'properties': {'Success': {'type': 'boolean'}, 'Error': {'type': ['string', 'null']}, 'Data': {'type': 'object', 'properties': {'AccessToken': {'type': 'string'}, 'ExpiresAt': {'typ...</msg>
<var>${expected}</var>
<arg>file=test_data/auth/auth_valid_schema.json</arg>
<status status="PASS" start="2024-09-08T05:52:12.926870" elapsed="0.000469"/>
</kw>
<kw name="validate schema" owner="StartConnection">
<arg>${expected}</arg>
<arg>${content}</arg>
<status status="PASS" start="2024-09-08T05:52:12.927433" elapsed="0.004539"/>
</kw>
<arg>data=auth</arg>
<arg>test=valid</arg>
<status status="PASS" start="2024-09-08T05:52:12.924703" elapsed="0.007333"/>
</kw>
<doc>Verify that the API returns success with valid login credentials</doc>
<tag>login</tag>
<status status="PASS" start="2024-09-08T05:52:12.356036" elapsed="0.576160"/>
</test>
<test id="s1-t2" name="Verify authetication failure with wrong email" line="17">
<kw name="setup testdata" owner="custom_keywords">
<kw name="prepare payload" owner="StartConnection">
<msg time="2024-09-08T05:52:12.933501" level="INFO">${payload} = {'email': 'invalid@example.com', 'password': 'wrongpassword'}</msg>
<var>${payload}</var>
<arg>path=test_data/${data}/${data}_data.json</arg>
<arg>key=${key}</arg>
<status status="PASS" start="2024-09-08T05:52:12.933159" elapsed="0.000363"/>
</kw>
<return>
<value>${payload}</value>
<status status="PASS" start="2024-09-08T05:52:12.933573" elapsed="0.000062"/>
</return>
<msg time="2024-09-08T05:52:12.933736" level="INFO">${payload} = {'email': 'invalid@example.com', 'password': 'wrongpassword'}</msg>
<var>${payload}</var>
<arg>data=auth</arg>
<arg>key=invalid_credentials</arg>
<status status="PASS" start="2024-09-08T05:52:12.932909" elapsed="0.000845"/>
</kw>
<kw name="Post Auth Request" owner="auth_logic_page">
<kw name="Establish Post Request" owner="StartConnection">
<msg time="2024-09-08T05:52:13.535026" level="INFO">${RESPONSE} = &lt;Response [200]&gt;</msg>
<arg>url=${BASE_URL}</arg>
<arg>payload=${payload}</arg>
<status status="PASS" start="2024-09-08T05:52:12.934173" elapsed="0.601281"/>
</kw>
<arg>payload=${payload}</arg>
<status status="PASS" start="2024-09-08T05:52:12.933895" elapsed="0.601849"/>
</kw>
<kw name="Check Login with Invalid Credentials" owner="custom_keywords">
<kw name="Set Test Variable" owner="BuiltIn">
<msg time="2024-09-08T05:52:13.538860" level="INFO">${status_code} = 200</msg>
<arg>${status_code}</arg>
<arg>${RESPONSE.status_code}</arg>
<doc>Makes a variable available everywhere within the scope of the current test.</doc>
<status status="PASS" start="2024-09-08T05:52:13.537271" elapsed="0.001665"/>
</kw>
<kw name="convert json to dictionary" owner="StartConnection">
<msg time="2024-09-08T05:52:13.539479" level="INFO">${content} = {'Success': False, 'Error': 'Please check your credentail, Invalid username or password. Please try again', 'Data': None}</msg>
<var>${content}</var>
<status status="PASS" start="2024-09-08T05:52:13.539109" elapsed="0.000415"/>
</kw>
<kw name="convert json to dictionary" owner="StartConnection">
<msg time="2024-09-08T05:52:13.540136" level="INFO">${expected} = {'type': 'object', 'properties': {'Success': {'type': 'boolean', 'enum': [False]}, 'Error': {'type': 'string', 'enum': ['Please check your credentail, Invalid username or password. Please try again']}...</msg>
<var>${expected}</var>
<arg>file=test_data/auth/auth_invalid_schema.json</arg>
<status status="PASS" start="2024-09-08T05:52:13.539661" elapsed="0.000505"/>
</kw>
<kw name="validate schema" owner="StartConnection">
<arg>${expected}</arg>
<arg>${content}</arg>
<status status="PASS" start="2024-09-08T05:52:13.540277" elapsed="0.002395"/>
</kw>
<arg>data=auth</arg>
<arg>test=valid</arg>
<status status="PASS" start="2024-09-08T05:52:13.536530" elapsed="0.006223"/>
</kw>
<doc>Verify that the API returns an error with invalid login credentials</doc>
<tag>login</tag>
<status status="PASS" start="2024-09-08T05:52:12.932426" elapsed="0.610510"/>
</test>
<test id="s1-t3" name="Verify authetication failure with wrong password" line="25">
<kw name="setup testdata" owner="custom_keywords">
<kw name="prepare payload" owner="StartConnection">
<msg time="2024-09-08T05:52:13.544988" level="INFO">${payload} = {'email': 'test@example.com', 'password': '123'}</msg>
<var>${payload}</var>
<arg>path=test_data/${data}/${data}_data.json</arg>
<arg>key=${key}</arg>
<status status="PASS" start="2024-09-08T05:52:13.544182" elapsed="0.000861"/>
</kw>
<return>
<value>${payload}</value>
<status status="PASS" start="2024-09-08T05:52:13.545151" elapsed="0.000095"/>
</return>
<msg time="2024-09-08T05:52:13.545436" level="INFO">${payload} = {'email': 'test@example.com', 'password': '123'}</msg>
<var>${payload}</var>
<arg>data=auth</arg>
<arg>key=short_password</arg>
<status status="PASS" start="2024-09-08T05:52:13.543845" elapsed="0.001619"/>
</kw>
<kw name="Post Auth Request" owner="auth_logic_page">
<kw name="Establish Post Request" owner="StartConnection">
<msg time="2024-09-08T05:52:14.150201" level="INFO">${RESPONSE} = &lt;Response [400]&gt;</msg>
<arg>url=${BASE_URL}</arg>
<arg>payload=${payload}</arg>
<status status="PASS" start="2024-09-08T05:52:13.546189" elapsed="0.604350"/>
</kw>
<arg>payload=${payload}</arg>
<status status="PASS" start="2024-09-08T05:52:13.545751" elapsed="0.604987"/>
</kw>
<kw name="Check Login with Short Password" owner="custom_keywords">
<kw name="Set Test Variable" owner="BuiltIn">
<msg time="2024-09-08T05:52:14.153600" level="INFO">${status_code} = 400</msg>
<arg>${status_code}</arg>
<arg>${RESPONSE.status_code}</arg>
<doc>Makes a variable available everywhere within the scope of the current test.</doc>
<status status="PASS" start="2024-09-08T05:52:14.151950" elapsed="0.001710"/>
</kw>
<kw name="convert json to dictionary" owner="StartConnection">
<msg time="2024-09-08T05:52:14.154333" level="INFO">${content} = {'errors': {'Password': ['The Password must be at least 5 characters long.']}, 'type': 'https://tools.ietf.org/html/rfc7231#section-6.5.1', 'title': 'One or more validation errors occurred.', 'status'...</msg>
<var>${content}</var>
<status status="PASS" start="2024-09-08T05:52:14.154036" elapsed="0.000327"/>
</kw>
<kw name="convert json to dictionary" owner="StartConnection">
<msg time="2024-09-08T05:52:14.154997" level="INFO">${expected} = {'type': 'object', 'properties': {'errors': {'type': 'object', 'properties': {'Password': {'type': 'array', 'items': {'type': 'string'}}}, 'required': ['Password']}, 'type': {'type': 'string', 'format...</msg>
<var>${expected}</var>
<arg>file=test_data/auth/auth_short_pwd_schema.json</arg>
<status status="PASS" start="2024-09-08T05:52:14.154478" elapsed="0.000548"/>
</kw>
<kw name="validate schema" owner="StartConnection">
<arg>${expected}</arg>
<arg>${content}</arg>
<status status="PASS" start="2024-09-08T05:52:14.155141" elapsed="0.004295"/>
</kw>
<arg>data=auth</arg>
<arg>test=valid</arg>
<status status="PASS" start="2024-09-08T05:52:14.151260" elapsed="0.008253"/>
</kw>
<doc>Verify that the API returns a validation error for wrong login password</doc>
<tag>login</tag>
<status status="PASS" start="2024-09-08T05:52:13.543205" elapsed="0.616493"/>
</test>
<status status="PASS" start="2024-09-08T05:52:12.258538" elapsed="1.901739"/>
</suite>
<statistics>
<total>
<stat pass="3" fail="0" skip="0">All Tests</stat>
</total>
<tag>
<stat pass="3" fail="0" skip="0">login</stat>
</tag>
<suite>
<stat pass="3" fail="0" skip="0" id="s1" name="Auth Login Test">Auth Login Test</stat>
</suite>
</statistics>
<errors>
</errors>
</robot>
